2025-04-06T05:05:48.780Z - [VitePress] 
[VitePress] 配置解析完成
2025-04-06T05:05:48.783Z - [VitePress] [VitePress] 工作目录:
2025-04-06T05:05:56.105Z - [VitePress] 
[VitePress] 配置解析完成
2025-04-06T05:05:56.109Z - [VitePress] [VitePress] 工作目录:
2025-04-06T05:06:00.406Z - [VitePress] 
[VitePress] 配置解析完成
2025-04-06T05:06:00.408Z - [VitePress] [VitePress] 工作目录:
2025-04-06T05:06:03.455Z - [VitePress] 
[VitePress] 配置解析完成
2025-04-06T05:06:03.457Z - [VitePress] [VitePress] 工作目录:
2025-04-06T05:06:07.359Z - [VitePress] [VitePress] 处理文件: F:/project_space/jxdocs/docs/index.md | 标题: 无标题
2025-04-06T05:06:36.489Z - [VitePress] 
[VitePress] 配置解析完成
2025-04-06T05:06:36.492Z - [VitePress] [VitePress] 工作目录:
2025-04-06T05:06:40.460Z - [VitePress] 
[VitePress] 配置解析完成
2025-04-06T05:06:40.462Z - [VitePress] [VitePress] 工作目录:
2025-04-06T05:06:44.346Z - [VitePress] [VitePress] 处理文件: F:/project_space/jxdocs/docs/index.md | 标题: 无标题
2025-04-06T05:06:47.380Z - [VitePress] 
[VitePress] 配置解析完成
2025-04-06T05:06:47.382Z - [VitePress] [VitePress] 工作目录:
2025-04-06T05:06:50.136Z - [VitePress] 
[VitePress] 配置解析完成
2025-04-06T05:06:50.138Z - [VitePress] [VitePress] 工作目录:
2025-04-06T05:06:54.343Z - [VitePress] 
[VitePress] 配置解析完成
2025-04-06T05:06:54.345Z - [VitePress] [VitePress] 工作目录:
2025-04-06T05:06:54.728Z - [VitePress] [VitePress] 处理文件: F:/project_space/jxdocs/docs/index.md | 标题: 无标题
2025-04-06T05:06:58.084Z - [VitePress] 
[VitePress] 配置解析完成
2025-04-06T05:06:58.087Z - [VitePress] [VitePress] 工作目录:
2025-04-06T05:07:01.321Z - [VitePress] 
[VitePress] 配置解析完成
2025-04-06T05:07:01.323Z - [VitePress] [VitePress] 工作目录:
2025-04-06T05:07:05.331Z - [VitePress] [VitePress] 处理文件: F:/project_space/jxdocs/docs/index.md | 标题: 无标题
2025-04-06T05:07:21.930Z - [VitePress] 
[VitePress] 配置解析完成
2025-04-06T05:07:21.932Z - [VitePress] [VitePress] 工作目录:
2025-04-06T05:07:25.122Z - [VitePress] 
[VitePress] 配置解析完成
2025-04-06T05:07:25.123Z - [VitePress] [VitePress] 工作目录:
2025-04-06T05:07:27.999Z - [VitePress] 
[VitePress] 配置解析完成
2025-04-06T05:07:28.001Z - [VitePress] [VitePress] 工作目录:
2025-04-06T05:07:31.058Z - [VitePress] 
[VitePress] 配置解析完成
2025-04-06T05:07:31.060Z - [VitePress] [VitePress] 工作目录:
2025-04-06T05:07:34.008Z - [VitePress] 
[VitePress] 配置解析完成
2025-04-06T05:07:34.011Z - [VitePress] [VitePress] 工作目录:
2025-04-06T05:07:39.347Z - [VitePress] [VitePress] 处理文件: F:/project_space/jxdocs/docs/index.md | 标题: 无标题
2025-04-06T05:10:11.577Z - [VitePress] 
[VitePress] 配置解析完成
2025-04-06T05:10:11.578Z - [VitePress] [VitePress] 工作目录:
2025-04-06T05:10:16.344Z - [VitePress] [VitePress] 处理文件: F:/project_space/jxdocs/docs/index.md | 标题: 无标题
2025-04-06T05:10:21.349Z - [VitePress] 
[VitePress] 配置解析完成
2025-04-06T05:10:21.351Z - [VitePress] [VitePress] 工作目录:
2025-04-06T05:10:25.335Z - [VitePress] [VitePress] 处理文件: F:/project_space/jxdocs/docs/index.md | 标题: 无标题
2025-04-06T05:10:31.357Z - [VitePress] 
[VitePress] 配置解析完成
2025-04-06T05:10:31.359Z - [VitePress] [VitePress] 工作目录:
2025-04-06T05:10:40.965Z - [VitePress] 
[VitePress] 配置解析完成
2025-04-06T05:10:40.969Z - [VitePress] [VitePress] 工作目录:
2025-04-06T05:10:43.607Z - [VitePress] 
[VitePress] 配置解析完成
2025-04-06T05:10:43.608Z - [VitePress] [VitePress] 工作目录:
2025-04-06T05:10:50.249Z - [VitePress] 
[VitePress] 配置解析完成
2025-04-06T05:10:50.251Z - [VitePress] [VitePress] 工作目录:
2025-04-06T05:13:40.525Z - [VitePress] 
[VitePress] 配置解析完成
2025-04-06T05:13:40.528Z - [VitePress] [VitePress] 工作目录:
2025-04-06T05:15:49.982Z - [VitePress] 
[VitePress] 配置解析完成
2025-04-06T05:15:49.984Z - [VitePress] [VitePress] 工作目录:
2025-04-06T05:15:53.438Z - [VitePress] 
[VitePress] 配置解析完成
2025-04-06T05:15:53.440Z - [VitePress] [VitePress] 工作目录:
2025-04-06T05:15:56.694Z - [VitePress] 
[VitePress] 配置解析完成
2025-04-06T05:15:56.697Z - [VitePress] [VitePress] 工作目录:
2025-04-06T05:16:01.346Z - [VitePress] [VitePress] 处理文件: F:/project_space/jxdocs/docs/index.md | 无法提取标题: headingMatch is not defined
2025-04-06T05:16:08.117Z - [VitePress] 
[VitePress] 配置解析完成
2025-04-06T05:16:08.119Z - [VitePress] [VitePress] 工作目录:
2025-04-06T05:16:10.802Z - [VitePress] 
[VitePress] 配置解析完成
2025-04-06T05:16:10.811Z - [VitePress] [VitePress] 工作目录:
2025-04-06T05:16:14.568Z - [VitePress] 
[VitePress] 配置解析完成
2025-04-06T05:16:14.570Z - [VitePress] [VitePress] 工作目录:
2025-04-06T05:16:18.249Z - [VitePress] 
[VitePress] 配置解析完成
2025-04-06T05:16:18.250Z - [VitePress] [VitePress] 工作目录:
2025-04-06T05:16:22.345Z - [VitePress] [VitePress] 处理文件: F:/project_space/jxdocs/docs/index.md | 无法提取标题: headingMatch is not defined
2025-04-06T05:17:21.134Z - [VitePress] 
[VitePress] 配置解析完成
2025-04-06T05:17:21.137Z - [VitePress] [VitePress] 工作目录:
2025-04-06T05:17:24.310Z - [VitePress] 
[VitePress] 配置解析完成
2025-04-06T05:17:24.312Z - [VitePress] [VitePress] 工作目录:
2025-04-06T05:17:26.995Z - [VitePress] 
[VitePress] 配置解析完成
2025-04-06T05:17:26.997Z - [VitePress] [VitePress] 工作目录:
2025-04-06T05:19:09.837Z - [VitePress] 
[VitePress] 配置解析完成
2025-04-06T05:19:09.840Z - [VitePress] [VitePress] 工作目录:
2025-04-06T05:19:14.382Z - [VitePress] 
[VitePress] 配置解析完成
2025-04-06T05:19:14.384Z - [VitePress] [VitePress] 工作目录:
2025-04-06T05:19:18.114Z - [VitePress] 
[VitePress] 配置解析完成
2025-04-06T05:19:18.118Z - [VitePress] [VitePress] 工作目录:
2025-04-06T05:19:21.691Z - [VitePress] 
[VitePress] 配置解析完成
2025-04-06T05:19:21.693Z - [VitePress] [VitePress] 工作目录:
2025-04-06T05:19:46.439Z - [VitePress] 
[VitePress] 配置解析完成
2025-04-06T05:19:46.443Z - [VitePress] [VitePress] 工作目录:
2025-04-06T05:21:01.651Z - [VitePress] 
[VitePress] 配置解析完成
2025-04-06T05:21:01.653Z - [VitePress] [VitePress] 工作目录:
2025-04-06T05:21:04.890Z - [VitePress] 
[VitePress] 配置解析完成
2025-04-06T05:21:04.892Z - [VitePress] [VitePress] 工作目录:
2025-04-06T05:22:06.688Z - [VitePress] 
[VitePress] 配置解析完成
2025-04-06T05:22:06.691Z - [VitePress] [VitePress] 工作目录:
2025-04-06T05:22:09.748Z - [VitePress] 
[VitePress] 配置解析完成
2025-04-06T05:22:09.750Z - [VitePress] [VitePress] 工作目录:
2025-04-06T05:22:24.984Z - [VitePress] 
[VitePress] 配置解析完成
2025-04-06T05:22:24.985Z - [VitePress] [VitePress] 工作目录:
2025-04-06T05:22:29.505Z - [VitePress] [VitePress] 处理文件: F:/project_space/jxdocs/docs/feishu/docs/集成文档/RB24dGe9voofKOxhyJpceSKRnDc.md | 标题(从pageData): Github操作
2025-04-06T05:22:34.473Z - [VitePress] 
[VitePress] 配置解析完成
2025-04-06T05:22:34.475Z - [VitePress] [VitePress] 工作目录:
2025-04-06T05:22:39.570Z - [VitePress] [VitePress] 处理文件: F:/project_space/jxdocs/docs/feishu/docs/集成文档/RB24dGe9voofKOxhyJpceSKRnDc.md | 标题(从pageData): Github操作
2025-04-06T05:22:40.685Z - [VitePress] 
[VitePress] 配置解析完成
2025-04-06T05:22:40.688Z - [VitePress] [VitePress] 工作目录:
2025-04-06T05:22:44.394Z - [VitePress] [VitePress] 处理文件: F:/project_space/jxdocs/docs/feishu/docs/集成文档/RB24dGe9voofKOxhyJpceSKRnDc.md | 文章标题(从pageData): Github操作
2025-04-06T05:24:10.864Z - [VitePress] [VitePress] 处理文件: F:/project_space/jxdocs/docs/categories/issues/index.md | 文章标题(从pageData): Bug万象集
2025-04-06T05:24:15.169Z - [VitePress] [VitePress] 处理文件: F:/project_space/jxdocs/docs/categories/tools/index.md | 文章标题(从pageData): 工具四海谈
2025-04-06T05:24:17.047Z - [VitePress] [VitePress] 处理文件: F:/project_space/jxdocs/docs/categories/solutions/index.md | 文章标题(从pageData): 方案春秋志
2025-04-06T05:24:23.623Z - [VitePress] [VitePress] 处理文件: F:/project_space/jxdocs/docs/aiweb/index.md | 文章标题(从pageData): AI网址导航
2025-04-06T05:24:25.061Z - [VitePress] [VitePress] 处理文件: F:/project_space/jxdocs/docs/categories/codeshow/index.md | 文章标题(从pageData): JWisdom的智能体
2025-04-06T05:24:27.038Z - [VitePress] [VitePress] 处理文件: F:/project_space/jxdocs/docs/feishu/index.md | 文章标题(从pageData): 飞书云文档
2025-04-06T05:24:28.907Z - [VitePress] [VitePress] 处理文件: F:/project_space/jxdocs/docs/feishupage/index.md | 文章标题(从pageData): 飞书云文档
2025-04-06T05:24:47.690Z - [VitePress] [VitePress] 处理文件: F:/project_space/jxdocs/docs/feishu-wiki/index.md | 文章标题(从pageData): 飞书知识库
2025-04-06T05:26:06.366Z - [VitePress] [VitePress] 处理文件: F:/project_space/jxdocs/docs/feishu/docs/项目/vitepress/Hsa4dD76DoUnTjxLU0JcerKXn3g.md | 文章标题(从pageData): markdown拓展
2025-04-06T05:30:52.421Z - [VitePress] 
[VitePress] 配置解析完成
2025-04-06T05:30:52.423Z - [VitePress] [VitePress] 工作目录:
2025-04-06T05:30:55.454Z - [VitePress] 
[VitePress] 配置解析完成
2025-04-06T05:30:55.456Z - [VitePress] [VitePress] 工作目录:
2025-04-06T05:30:59.543Z - [VitePress] 
[VitePress] 配置解析完成
2025-04-06T05:30:59.545Z - [VitePress] [VitePress] 工作目录:
2025-04-06T05:31:04.810Z - [VitePress] [VitePress] 处理文件: F:/project_space/jxdocs/docs/feishu/docs/项目/vitepress/Hsa4dD76DoUnTjxLU0JcerKXn3g.md | 文章标题(从pageData): markdown拓展
2025-04-06T05:31:09.987Z - [VitePress] [VitePress] 处理文件: F:/project_space/jxdocs/docs/feishu/index.md | 文章标题(从pageData): 飞书云文档
2025-04-06T05:31:11.909Z - [VitePress] [VitePress] 处理文件: F:/project_space/jxdocs/docs/feishu/docs/TqlUd2VXoouuvNxjTFJcInAYnsd.md | 文章标题(从pageData): 编程必学
2025-04-06T05:32:22.287Z - [VitePress] [VitePress] 处理文件: F:/project_space/jxdocs/docs/feishu/docs/集成文档/RB24dGe9voofKOxhyJpceSKRnDc.md | 文章标题(从pageData): Github操作
2025-04-06T05:36:27.376Z - [VitePress] 
[VitePress] 配置解析完成
2025-04-06T05:36:27.378Z - [VitePress] [VitePress] 工作目录:
2025-04-06T05:36:30.710Z - [VitePress] 
[VitePress] 配置解析完成
2025-04-06T05:36:30.713Z - [VitePress] [VitePress] 工作目录:
2025-04-06T05:36:33.760Z - [VitePress] 
[VitePress] 配置解析完成
2025-04-06T05:36:33.764Z - [VitePress] [VitePress] 工作目录:
2025-04-06T05:36:38.070Z - [VitePress] [VitePress] 处理文件: F:/project_space/jxdocs/docs/feishu/docs/TqlUd2VXoouuvNxjTFJcInAYnsd.md | 文章标题(从pageData): 编程必学
2025-04-06T05:37:12.401Z - [VitePress] 
[VitePress] 配置解析完成
2025-04-06T05:37:12.403Z - [VitePress] [VitePress] 工作目录:
2025-04-06T05:37:15.435Z - [VitePress] 
[VitePress] 配置解析完成
2025-04-06T05:37:15.437Z - [VitePress] [VitePress] 工作目录:
2025-04-06T05:37:21.066Z - [VitePress] [VitePress] 处理文件: F:/project_space/jxdocs/docs/feishu/docs/TqlUd2VXoouuvNxjTFJcInAYnsd.md | 文章标题(从pageData): 编程必学
2025-04-06T05:39:17.039Z - [VitePress] 
[VitePress] 配置解析完成
2025-04-06T05:39:17.043Z - [VitePress] [VitePress] 工作目录:
2025-04-06T05:39:22.681Z - [VitePress] [VitePress] 处理文件: F:/project_space/jxdocs/docs/feishu/docs/TqlUd2VXoouuvNxjTFJcInAYnsd.md | 文章标题(从pageData): 编程必学
2025-04-06T05:39:38.890Z - [VitePress] [VitePress] 处理文件: F:/project_space/jxdocs/docs/feishu/docs/项目/vitepress/Hsa4dD76DoUnTjxLU0JcerKXn3g.md | 文章标题(从pageData): markdown拓展
2025-04-06T05:50:49.431Z - [VitePress] 
[VitePress] 配置解析完成
2025-04-06T05:50:49.434Z - [VitePress] [VitePress] 工作目录:
2025-04-06T05:50:52.510Z - [VitePress] 
[VitePress] 配置解析完成
2025-04-06T05:50:52.512Z - [VitePress] [VitePress] 工作目录:
2025-04-06T05:50:54.211Z - [VitePress] 
[VitePress] 配置解析完成
2025-04-06T05:50:54.213Z - [VitePress] [VitePress] 工作目录:
2025-04-06T05:51:00.321Z - [VitePress] [VitePress] 处理文件: F:/project_space/jxdocs/docs/feishu/docs/项目/vitepress/Hsa4dD76DoUnTjxLU0JcerKXn3g.md | 文章标题(从pageData): markdown拓展
2025-04-06T05:51:05.658Z - [VitePress] 
[VitePress] 配置解析完成
2025-04-06T05:51:05.659Z - [VitePress] [VitePress] 工作目录:
2025-04-06T05:51:07.264Z - [VitePress] 
[VitePress] 配置解析完成
2025-04-06T05:51:07.266Z - [VitePress] [VitePress] 工作目录:
2025-04-06T05:51:10.386Z - [VitePress] 
[VitePress] 配置解析完成
2025-04-06T05:51:10.389Z - [VitePress] [VitePress] 工作目录:
2025-04-06T05:52:45.418Z - [VitePress] 
[VitePress] 配置解析完成
2025-04-06T05:52:45.420Z - [VitePress] [VitePress] 工作目录:
2025-04-06T05:52:47.055Z - [VitePress] 
[VitePress] 配置解析完成
2025-04-06T05:52:47.057Z - [VitePress] [VitePress] 工作目录:
2025-04-06T05:52:49.623Z - [VitePress] 
[VitePress] 配置解析完成
2025-04-06T05:52:49.628Z - [VitePress] [VitePress] 工作目录:
2025-04-06T06:13:11.862Z - [VitePress] [VitePress] 处理文件: F:/project_space/jxdocs/docs/feishu/docs/项目/vitepress/Hsa4dD76DoUnTjxLU0JcerKXn3g.md | 文章标题(从pageData): markdown拓展
2025-04-06T06:13:57.165Z - [VitePress] 
[VitePress] 配置解析完成
2025-04-06T06:13:57.167Z - [VitePress] [VitePress] 工作目录:
2025-04-06T06:14:21.107Z - [VitePress] [VitePress] 处理文件: F:/project_space/jxdocs/docs/feishu/docs/项目/vitepress/Hsa4dD76DoUnTjxLU0JcerKXn3g.md | 文章标题(从pageData): markdown拓展
2025-04-06T06:14:23.870Z - [VitePress] [VitePress] 处理文件: F:/project_space/jxdocs/docs/index.md | 文章标题(从pageData): JWisdom的智能体
2025-04-06T06:14:30.607Z - [VitePress] [VitePress] 处理文件: F:/project_space/jxdocs/docs/feishu/index.md | 文章标题(从pageData): 飞书云文档
2025-04-06T06:14:37.515Z - [VitePress] [VitePress] 处理文件: F:/project_space/jxdocs/docs/feishu/docs/项目/vitepress/Hsa4dD76DoUnTjxLU0JcerKXn3g.md | 文章标题(从pageData): markdown拓展
2025-04-06T06:57:58.826Z - [VitePress] 
[VitePress] 配置解析完成
2025-04-06T06:57:58.829Z - [VitePress] [VitePress] 工作目录:
2025-04-06T06:58:02.606Z - [VitePress] 
[VitePress] 配置解析完成
2025-04-06T06:58:02.609Z - [VitePress] [VitePress] 工作目录:
2025-04-06T06:58:09.702Z - [VitePress] [VitePress] 处理文件: F:/project_space/jxdocs/docs/feishu/docs/项目/vitepress/Hsa4dD76DoUnTjxLU0JcerKXn3g.md | 文章标题(从pageData): markdown拓展
2025-04-06T06:58:10.148Z - [VitePress] 
[VitePress] 配置解析完成
2025-04-06T06:58:10.151Z - [VitePress] [VitePress] 工作目录:
2025-04-06T06:58:16.705Z - [VitePress] [VitePress] 处理文件: F:/project_space/jxdocs/docs/feishu/docs/项目/vitepress/Hsa4dD76DoUnTjxLU0JcerKXn3g.md | 文章标题(从pageData): markdown拓展
2025-04-06T06:58:31.479Z - [VitePress] 
[VitePress] 配置解析完成
2025-04-06T06:58:31.481Z - [VitePress] [VitePress] 工作目录:
2025-04-06T06:58:40.246Z - [VitePress] [VitePress] 处理文件: F:/project_space/jxdocs/docs/index.md | 文章标题(从pageData): JWisdom的智能体
2025-04-06T06:58:46.139Z - [VitePress] [VitePress] 处理文件: F:/project_space/jxdocs/docs/feishu/index.md | 文章标题(从pageData): 飞书云文档
2025-04-06T06:58:55.721Z - [VitePress] [VitePress] 处理文件: F:/project_space/jxdocs/docs/feishu/docs/项目/vitepress/Hsa4dD76DoUnTjxLU0JcerKXn3g.md | 文章标题(从pageData): markdown拓展
2025-04-06T07:05:43.507Z - [VitePress] 
[VitePress] 配置解析完成
2025-04-06T07:05:43.509Z - [VitePress] [VitePress] 工作目录:
2025-04-06T07:05:47.509Z - [VitePress] 
[VitePress] 配置解析完成
2025-04-06T07:05:47.511Z - [VitePress] [VitePress] 工作目录:
2025-04-06T07:06:00.513Z - [VitePress] 
[VitePress] 配置解析完成
2025-04-06T07:06:00.515Z - [VitePress] [VitePress] 工作目录:
2025-04-06T07:06:11.460Z - [VitePress] [VitePress] 处理文件: F:/project_space/jxdocs/docs/feishu/docs/项目/vitepress/Hsa4dD76DoUnTjxLU0JcerKXn3g.md | 文章标题(从pageData): markdown拓展
2025-04-06T07:09:44.308Z - [VitePress] 
[VitePress] 配置解析完成
2025-04-06T07:09:44.311Z - [VitePress] [VitePress] 工作目录:
2025-04-06T07:09:52.009Z - [VitePress] [VitePress] 处理文件: F:/project_space/jxdocs/docs/feishu/docs/项目/vitepress/Hsa4dD76DoUnTjxLU0JcerKXn3g.md | 文章标题(从pageData): markdown拓展
2025-04-06T07:09:52.700Z - [VitePress] 
[VitePress] 配置解析完成
2025-04-06T07:09:52.703Z - [VitePress] [VitePress] 工作目录:
2025-04-06T07:09:55.939Z - [VitePress] 
[VitePress] 配置解析完成
2025-04-06T07:09:55.941Z - [VitePress] [VitePress] 工作目录:
2025-04-06T07:10:08.270Z - [VitePress] 
[VitePress] 配置解析完成
2025-04-06T07:10:08.274Z - [VitePress] [VitePress] 工作目录:
2025-04-06T07:10:15.576Z - [VitePress] [VitePress] 处理文件: F:/project_space/jxdocs/docs/feishu/docs/项目/vitepress/Hsa4dD76DoUnTjxLU0JcerKXn3g.md | 文章标题(从pageData): markdown拓展
2025-04-06T07:11:06.056Z - [VitePress] 
[VitePress] 配置解析完成
2025-04-06T07:11:06.059Z - [VitePress] [VitePress] 工作目录:
2025-04-06T07:11:09.222Z - [VitePress] 
[VitePress] 配置解析完成
2025-04-06T07:11:09.224Z - [VitePress] [VitePress] 工作目录:
2025-04-06T07:11:14.515Z - [VitePress] [VitePress] 处理文件: F:/project_space/jxdocs/docs/feishu/docs/项目/vitepress/Hsa4dD76DoUnTjxLU0JcerKXn3g.md | 文章标题(从pageData): markdown拓展
2025-04-06T07:11:58.216Z - [VitePress] 
[VitePress] 配置解析完成
2025-04-06T07:11:58.219Z - [VitePress] [VitePress] 工作目录:
2025-04-06T07:12:03.276Z - [VitePress] 
[VitePress] 配置解析完成
2025-04-06T07:12:03.280Z - [VitePress] [VitePress] 工作目录:
2025-04-06T07:12:04.157Z - [VitePress] [VitePress] 处理文件: F:/project_space/jxdocs/docs/feishu/docs/项目/vitepress/Hsa4dD76DoUnTjxLU0JcerKXn3g.md | 文章标题(从pageData): markdown拓展
2025-04-06T07:12:07.315Z - [VitePress] 
[VitePress] 配置解析完成
2025-04-06T07:12:07.318Z - [VitePress] [VitePress] 工作目录:
2025-04-06T07:12:10.260Z - [VitePress] 
[VitePress] 配置解析完成
2025-04-06T07:12:10.263Z - [VitePress] [VitePress] 工作目录:
2025-04-06T07:12:14.476Z - [VitePress] [VitePress] 处理文件: F:/project_space/jxdocs/docs/feishu/docs/项目/vitepress/Hsa4dD76DoUnTjxLU0JcerKXn3g.md | 文章标题(从pageData): markdown拓展
2025-04-06T07:12:23.124Z - [VitePress] 
[VitePress] 配置解析完成
2025-04-06T07:12:23.126Z - [VitePress] [VitePress] 工作目录:
2025-04-06T07:12:27.225Z - [VitePress] 
[VitePress] 配置解析完成
2025-04-06T07:12:27.227Z - [VitePress] [VitePress] 工作目录:
2025-04-06T07:12:31.992Z - [VitePress] 
[VitePress] 配置解析完成
2025-04-06T07:12:31.993Z - [VitePress] [VitePress] 工作目录:
2025-04-06T07:12:32.852Z - [VitePress] [VitePress] 处理文件: F:/project_space/jxdocs/docs/feishu/docs/项目/vitepress/Hsa4dD76DoUnTjxLU0JcerKXn3g.md | 文章标题(从pageData): markdown拓展
2025-04-06T07:12:36.104Z - [VitePress] 
[VitePress] 配置解析完成
2025-04-06T07:12:36.105Z - [VitePress] [VitePress] 工作目录:
2025-04-06T07:12:36.708Z - [VitePress] [VitePress] 处理文件: F:/project_space/jxdocs/docs/feishu/docs/项目/vitepress/Hsa4dD76DoUnTjxLU0JcerKXn3g.md | 文章标题(从pageData): markdown拓展
2025-04-06T07:12:39.292Z - [VitePress] 
[VitePress] 配置解析完成
2025-04-06T07:12:39.293Z - [VitePress] [VitePress] 工作目录:
2025-04-06T07:12:43.580Z - [VitePress] [VitePress] 处理文件: F:/project_space/jxdocs/docs/feishu/docs/项目/vitepress/Hsa4dD76DoUnTjxLU0JcerKXn3g.md | 文章标题(从pageData): markdown拓展
2025-04-06T07:12:58.946Z - [VitePress] 
[VitePress] 配置解析完成
2025-04-06T07:12:58.949Z - [VitePress] [VitePress] 工作目录:
2025-04-06T07:13:08.612Z - [VitePress] [VitePress] 处理文件: F:/project_space/jxdocs/docs/feishu/docs/项目/vitepress/Hsa4dD76DoUnTjxLU0JcerKXn3g.md | 文章标题(从pageData): markdown拓展
2025-04-06T07:13:26.296Z - [VitePress] 
[VitePress] 配置解析完成
2025-04-06T07:13:26.298Z - [VitePress] [VitePress] 工作目录:
2025-04-06T07:13:29.804Z - [VitePress] 
[VitePress] 配置解析完成
2025-04-06T07:13:29.807Z - [VitePress] [VitePress] 工作目录:
2025-04-06T07:13:34.073Z - [VitePress] 
[VitePress] 配置解析完成
2025-04-06T07:13:34.076Z - [VitePress] [VitePress] 工作目录:
2025-04-06T07:13:34.641Z - [VitePress] [VitePress] 处理文件: F:/project_space/jxdocs/docs/feishu/docs/项目/vitepress/Hsa4dD76DoUnTjxLU0JcerKXn3g.md | 文章标题(从pageData): markdown拓展
2025-04-06T07:13:38.336Z - [VitePress] [VitePress] 处理文件: F:/project_space/jxdocs/docs/feishu/docs/项目/vitepress/Hsa4dD76DoUnTjxLU0JcerKXn3g.md | 文章标题(从pageData): markdown拓展
2025-04-06T07:13:38.835Z - [VitePress] 
[VitePress] 配置解析完成
2025-04-06T07:13:38.836Z - [VitePress] [VitePress] 工作目录:
2025-04-06T07:13:41.896Z - [VitePress] 
[VitePress] 配置解析完成
2025-04-06T07:13:41.897Z - [VitePress] [VitePress] 工作目录:
2025-04-06T07:13:45.952Z - [VitePress] 
[VitePress] 配置解析完成
2025-04-06T07:13:45.955Z - [VitePress] [VitePress] 工作目录:
2025-04-06T07:13:56.345Z - [VitePress] 
[VitePress] 配置解析完成
2025-04-06T07:13:56.348Z - [VitePress] [VitePress] 工作目录:
2025-04-06T07:14:01.702Z - [VitePress] [VitePress] 处理文件: F:/project_space/jxdocs/docs/feishu/docs/项目/vitepress/Hsa4dD76DoUnTjxLU0JcerKXn3g.md | 文章标题(从pageData): markdown拓展
2025-04-06T07:15:32.731Z - [VitePress] 
[VitePress] 配置解析完成
2025-04-06T07:15:32.733Z - [VitePress] [VitePress] 工作目录:
2025-04-06T07:15:35.977Z - [VitePress] 
[VitePress] 配置解析完成
2025-04-06T07:15:35.980Z - [VitePress] [VitePress] 工作目录:
2025-04-06T07:15:41.536Z - [VitePress] [VitePress] 处理文件: F:/project_space/jxdocs/docs/feishu/docs/项目/vitepress/Hsa4dD76DoUnTjxLU0JcerKXn3g.md | 文章标题(从pageData): markdown拓展
2025-04-06T07:15:49.177Z - [VitePress] 
[VitePress] 配置解析完成
2025-04-06T07:15:49.180Z - [VitePress] [VitePress] 工作目录:
2025-04-06T07:15:52.048Z - [VitePress] 
[VitePress] 配置解析完成
2025-04-06T07:15:52.050Z - [VitePress] [VitePress] 工作目录:
2025-04-06T07:16:04.362Z - [VitePress] 
[VitePress] 配置解析完成
2025-04-06T07:16:04.368Z - [VitePress] [VitePress] 工作目录:
2025-04-06T07:16:12.546Z - [VitePress] [VitePress] 处理文件: F:/project_space/jxdocs/docs/feishu/docs/项目/vitepress/Hsa4dD76DoUnTjxLU0JcerKXn3g.md | 文章标题(从pageData): markdown拓展
2025-04-06T07:26:42.110Z - [VitePress] 
[VitePress] 配置解析完成
2025-04-06T07:26:42.113Z - [VitePress] [VitePress] 工作目录:
2025-04-06T07:26:50.556Z - [VitePress] [VitePress] 处理文件: F:/project_space/jxdocs/docs/feishu/docs/项目/vitepress/Hsa4dD76DoUnTjxLU0JcerKXn3g.md | 文章标题(从pageData): markdown拓展
2025-04-06T07:29:53.938Z - [VitePress] 
[VitePress] 配置解析完成
2025-04-06T07:29:53.940Z - [VitePress] [VitePress] 工作目录:
2025-04-06T07:29:57.151Z - [VitePress] 
[VitePress] 配置解析完成
2025-04-06T07:29:57.153Z - [VitePress] [VitePress] 工作目录:
2025-04-06T07:30:01.506Z - [VitePress] 
[VitePress] 配置解析完成
2025-04-06T07:30:01.509Z - [VitePress] [VitePress] 工作目录:
2025-04-06T07:30:03.029Z - [VitePress] [VitePress] 处理文件: F:/project_space/jxdocs/docs/feishu/docs/项目/vitepress/Hsa4dD76DoUnTjxLU0JcerKXn3g.md | 文章标题(从pageData): markdown拓展
2025-04-06T07:30:05.437Z - [VitePress] 
[VitePress] 配置解析完成
2025-04-06T07:30:05.441Z - [VitePress] [VitePress] 工作目录:
2025-04-06T07:30:11.789Z - [VitePress] [VitePress] 处理文件: F:/project_space/jxdocs/docs/feishu/docs/项目/vitepress/Hsa4dD76DoUnTjxLU0JcerKXn3g.md | 文章标题(从pageData): markdown拓展
2025-04-06T07:30:15.730Z - [VitePress] 
[VitePress] 配置解析完成
2025-04-06T07:30:15.733Z - [VitePress] [VitePress] 工作目录:
2025-04-06T07:30:18.654Z - [VitePress] 
[VitePress] 配置解析完成
2025-04-06T07:30:18.657Z - [VitePress] [VitePress] 工作目录:
2025-04-06T07:30:24.055Z - [VitePress] [VitePress] 处理文件: F:/project_space/jxdocs/docs/feishu/docs/项目/vitepress/Hsa4dD76DoUnTjxLU0JcerKXn3g.md | 文章标题(从pageData): markdown拓展
2025-04-06T07:35:15.985Z - [VitePress] 
[VitePress] 配置解析完成
2025-04-06T07:35:15.987Z - [VitePress] [VitePress] 工作目录:
2025-04-06T07:35:18.981Z - [VitePress] 
[VitePress] 配置解析完成
2025-04-06T07:35:18.983Z - [VitePress] [VitePress] 工作目录:
2025-04-06T07:35:37.017Z - [VitePress] 
[VitePress] 配置解析完成
2025-04-06T07:35:37.019Z - [VitePress] [VitePress] 工作目录:
2025-04-06T07:35:43.290Z - [VitePress] [VitePress] 处理文件: F:/project_space/jxdocs/docs/feishu/docs/项目/vitepress/Hsa4dD76DoUnTjxLU0JcerKXn3g.md | 文章标题(从pageData): markdown拓展
2025-04-06T07:36:07.797Z - [VitePress] 
[VitePress] 配置解析完成
2025-04-06T07:36:07.799Z - [VitePress] [VitePress] 工作目录:
2025-04-06T07:36:11.165Z - [VitePress] 
[VitePress] 配置解析完成
2025-04-06T07:36:11.167Z - [VitePress] [VitePress] 工作目录:
2025-04-06T07:36:17.295Z - [VitePress] [VitePress] 处理文件: F:/project_space/jxdocs/docs/feishu/docs/项目/vitepress/Hsa4dD76DoUnTjxLU0JcerKXn3g.md | 文章标题(从pageData): markdown拓展
2025-04-06T07:36:40.858Z - [VitePress] 
[VitePress] 配置解析完成
2025-04-06T07:36:40.861Z - [VitePress] [VitePress] 工作目录:
2025-04-06T07:36:47.396Z - [VitePress] [VitePress] 处理文件: F:/project_space/jxdocs/docs/feishu/docs/项目/vitepress/Hsa4dD76DoUnTjxLU0JcerKXn3g.md | 文章标题(从pageData): markdown拓展
2025-04-06T07:37:27.231Z - [VitePress] 
[VitePress] 配置解析完成
2025-04-06T07:37:27.235Z - [VitePress] [VitePress] 工作目录:
2025-04-06T07:37:34.921Z - [VitePress] [VitePress] 处理文件: F:/project_space/jxdocs/docs/feishu/docs/项目/vitepress/Hsa4dD76DoUnTjxLU0JcerKXn3g.md | 文章标题(从pageData): markdown拓展
2025-04-06T07:37:47.049Z - [VitePress] 
[VitePress] 配置解析完成
2025-04-06T07:37:47.051Z - [VitePress] [VitePress] 工作目录:
2025-04-06T07:37:50.721Z - [VitePress] 
[VitePress] 配置解析完成
2025-04-06T07:37:50.724Z - [VitePress] [VitePress] 工作目录:
2025-04-06T07:37:53.780Z - [VitePress] 
[VitePress] 配置解析完成
2025-04-06T07:37:53.782Z - [VitePress] [VitePress] 工作目录:
2025-04-06T07:39:49.162Z - [VitePress] 
[VitePress] 配置解析完成
2025-04-06T07:39:49.164Z - [VitePress] [VitePress] 工作目录:
2025-04-06T07:45:20.940Z - [VitePress] 
[VitePress] 配置解析完成
2025-04-06T07:45:20.942Z - [VitePress] [VitePress] 工作目录:
2025-04-06T07:45:31.065Z - [VitePress] [VitePress] 处理文件: F:/project_space/jxdocs/docs/feishu/docs/项目/vitepress/Hsa4dD76DoUnTjxLU0JcerKXn3g.md | 文章标题(从pageData): markdown拓展
2025-04-06T07:47:29.909Z - [VitePress] 
[VitePress] 配置解析完成
2025-04-06T07:47:29.910Z - [VitePress] [VitePress] 工作目录:
2025-04-06T07:47:35.651Z - [VitePress] [VitePress] 处理文件: F:/project_space/jxdocs/docs/feishu/docs/项目/vitepress/Hsa4dD76DoUnTjxLU0JcerKXn3g.md | 文章标题(从pageData): markdown拓展
2025-04-06T07:51:17.317Z - [VitePress] 
[VitePress] 配置解析完成
2025-04-06T07:51:17.319Z - [VitePress] [VitePress] 工作目录:
2025-04-06T07:51:20.713Z - [VitePress] 
[VitePress] 配置解析完成
2025-04-06T07:51:20.717Z - [VitePress] [VitePress] 工作目录:
2025-04-06T07:51:27.213Z - [VitePress] [VitePress] 处理文件: F:/project_space/jxdocs/docs/feishu/docs/项目/vitepress/Hsa4dD76DoUnTjxLU0JcerKXn3g.md | 文章标题(从pageData): markdown拓展
2025-04-06T07:54:31.036Z - [VitePress] 
[VitePress] 配置解析完成
2025-04-06T07:54:31.041Z - [VitePress] [VitePress] 工作目录:
2025-04-06T07:54:42.038Z - [VitePress] [VitePress] 处理文件: F:/project_space/jxdocs/docs/feishu/docs/项目/vitepress/Hsa4dD76DoUnTjxLU0JcerKXn3g.md | 文章标题(从pageData): markdown拓展
2025-04-06T08:06:56.963Z - [VitePress] 
[VitePress] 配置解析完成
2025-04-06T08:06:56.965Z - [VitePress] [VitePress] 工作目录:
2025-04-06T08:07:02.712Z - [VitePress] [VitePress] 处理文件: F:/project_space/jxdocs/docs/feishu/docs/项目/vitepress/Hsa4dD76DoUnTjxLU0JcerKXn3g.md | 文章标题(从pageData): markdown拓展
2025-04-06T08:18:51.536Z - [VitePress] 
[VitePress] 配置解析完成
2025-04-06T08:18:51.538Z - [VitePress] [VitePress] 工作目录:
2025-04-06T08:18:55.069Z - [VitePress] 
[VitePress] 配置解析完成
2025-04-06T08:18:55.071Z - [VitePress] [VitePress] 工作目录:
2025-04-06T08:19:00.800Z - [VitePress] [VitePress] 处理文件: F:/project_space/jxdocs/docs/feishu/docs/项目/vitepress/Hsa4dD76DoUnTjxLU0JcerKXn3g.md | 文章标题(从pageData): markdown拓展
2025-04-06T08:19:43.195Z - [VitePress] 
[VitePress] 配置解析完成
2025-04-06T08:19:43.198Z - [VitePress] [VitePress] 工作目录:
2025-04-06T08:19:47.324Z - [VitePress] 
[VitePress] 配置解析完成
2025-04-06T08:19:47.327Z - [VitePress] [VitePress] 工作目录:
2025-04-06T08:19:54.839Z - [VitePress] [VitePress] 处理文件: F:/project_space/jxdocs/docs/feishu/docs/项目/vitepress/Hsa4dD76DoUnTjxLU0JcerKXn3g.md | 文章标题(从pageData): markdown拓展
2025-04-06T08:19:55.990Z - [VitePress] 
[VitePress] 配置解析完成
2025-04-06T08:19:55.991Z - [VitePress] [VitePress] 工作目录:
2025-04-06T08:20:02.591Z - [VitePress] [VitePress] 处理文件: F:/project_space/jxdocs/docs/feishu/docs/项目/vitepress/Hsa4dD76DoUnTjxLU0JcerKXn3g.md | 文章标题(从pageData): markdown拓展
2025-04-06T08:20:51.920Z - [VitePress] 
[VitePress] 配置解析完成
2025-04-06T08:20:51.922Z - [VitePress] [VitePress] 工作目录:
2025-04-06T08:21:06.489Z - [VitePress] [VitePress] 处理文件: F:/project_space/jxdocs/docs/feishu/docs/项目/vitepress/Hsa4dD76DoUnTjxLU0JcerKXn3g.md | 文章标题(从pageData): markdown拓展
2025-04-06T08:22:05.784Z - [VitePress] 
[VitePress] 配置解析完成
2025-04-06T08:22:05.786Z - [VitePress] [VitePress] 工作目录:
2025-04-06T08:22:10.280Z - [VitePress] 
[VitePress] 配置解析完成
2025-04-06T08:22:10.282Z - [VitePress] [VitePress] 工作目录:
2025-04-06T08:22:13.479Z - [VitePress] 
[VitePress] 配置解析完成
2025-04-06T08:22:13.482Z - [VitePress] [VitePress] 工作目录:
2025-04-06T08:22:19.009Z - [VitePress] [VitePress] 处理文件: F:/project_space/jxdocs/docs/feishu/docs/项目/vitepress/Hsa4dD76DoUnTjxLU0JcerKXn3g.md | 文章标题(从pageData): markdown拓展
2025-04-06T08:28:25.128Z - [VitePress] 
[VitePress] 配置解析完成
2025-04-06T08:28:25.131Z - [VitePress] [VitePress] 工作目录:
2025-04-06T08:28:30.977Z - [VitePress] 
[VitePress] 配置解析完成
2025-04-06T08:28:30.980Z - [VitePress] [VitePress] 工作目录:
2025-04-06T08:28:33.156Z - [VitePress] [VitePress] 处理文件: F:/project_space/jxdocs/docs/feishu/docs/项目/vitepress/Hsa4dD76DoUnTjxLU0JcerKXn3g.md | 文章标题(从pageData): markdown拓展
2025-04-06T08:28:35.617Z - [VitePress] 
[VitePress] 配置解析完成
2025-04-06T08:28:35.619Z - [VitePress] [VitePress] 工作目录:
2025-04-06T08:28:38.441Z - [VitePress] 
[VitePress] 配置解析完成
2025-04-06T08:28:38.443Z - [VitePress] [VitePress] 工作目录:
2025-04-06T08:28:44.684Z - [VitePress] [VitePress] 处理文件: F:/project_space/jxdocs/docs/feishu/docs/项目/vitepress/Hsa4dD76DoUnTjxLU0JcerKXn3g.md | 文章标题(从pageData): markdown拓展
2025-04-06T08:28:45.037Z - [VitePress] 
[VitePress] 配置解析完成
2025-04-06T08:28:45.039Z - [VitePress] [VitePress] 工作目录:
2025-04-06T08:28:48.892Z - [VitePress] 
[VitePress] 配置解析完成
2025-04-06T08:28:48.894Z - [VitePress] [VitePress] 工作目录:
2025-04-06T08:28:52.838Z - [VitePress] 
[VitePress] 配置解析完成
2025-04-06T08:28:52.840Z - [VitePress] [VitePress] 工作目录:
2025-04-06T08:28:59.038Z - [VitePress] [VitePress] 处理文件: F:/project_space/jxdocs/docs/feishu/docs/项目/vitepress/Hsa4dD76DoUnTjxLU0JcerKXn3g.md | 文章标题(从pageData): markdown拓展
2025-04-06T11:48:48.642Z - [VitePress] 
[VitePress] 配置解析完成
2025-04-06T11:48:48.647Z - [VitePress] [VitePress] 工作目录:
2025-04-06T11:49:11.058Z - [VitePress] [VitePress] 处理文件: F:/project_space/jxdocs/docs/index.md | 文章标题(从pageData): JWisdom的智能体
2025-04-06T11:49:14.311Z - [VitePress] [VitePress] 处理文件: F:/project_space/jxdocs/docs/feishu/docs/项目/vitepress/Hsa4dD76DoUnTjxLU0JcerKXn3g.md | 文章标题(从pageData): markdown拓展
2025-04-06T11:49:19.334Z - [VitePress] [VitePress] 处理文件: F:/project_space/jxdocs/docs/index.md | 文章标题(从pageData): JWisdom的智能体
2025-04-06T11:49:19.349Z - [VitePress] [VitePress] 处理文件: F:/project_space/jxdocs/docs/feishu/docs/项目/vitepress/Hsa4dD76DoUnTjxLU0JcerKXn3g.md | 文章标题(从pageData): markdown拓展
2025-04-06T11:51:11.744Z - [VitePress] 
[VitePress] 配置解析完成
2025-04-06T11:51:11.745Z - [VitePress] [VitePress] 工作目录:
2025-04-06T11:51:15.019Z - [VitePress] 
[VitePress] 配置解析完成
2025-04-06T11:51:15.021Z - [VitePress] [VitePress] 工作目录:
2025-04-06T11:51:21.457Z - [VitePress] [VitePress] 处理文件: F:/project_space/jxdocs/docs/index.md | 文章标题(从pageData): JWisdom的智能体
2025-04-06T11:51:21.755Z - [VitePress] [VitePress] 处理文件: F:/project_space/jxdocs/docs/feishu/docs/项目/vitepress/Hsa4dD76DoUnTjxLU0JcerKXn3g.md | 文章标题(从pageData): markdown拓展
2025-04-06T11:56:34.476Z - [VitePress] 
[VitePress] 配置解析完成
2025-04-06T11:56:34.478Z - [VitePress] [VitePress] 工作目录:
2025-04-06T11:56:39.359Z - [VitePress] [VitePress] 处理文件: F:/project_space/jxdocs/docs/index.md | 文章标题(从pageData): JWisdom的智能体
2025-04-06T11:56:40.902Z - [VitePress] [VitePress] 处理文件: F:/project_space/jxdocs/docs/feishu/docs/项目/vitepress/Hsa4dD76DoUnTjxLU0JcerKXn3g.md | 文章标题(从pageData): markdown拓展
2025-04-06T11:58:02.849Z - [VitePress] 
[VitePress] 配置解析完成
2025-04-06T11:58:02.851Z - [VitePress] [VitePress] 工作目录:
2025-04-06T11:58:05.826Z - [VitePress] 
[VitePress] 配置解析完成
2025-04-06T11:58:05.827Z - [VitePress] [VitePress] 工作目录:
2025-04-06T11:58:08.751Z - [VitePress] 
[VitePress] 配置解析完成
2025-04-06T11:58:08.753Z - [VitePress] [VitePress] 工作目录:
2025-04-06T11:58:11.826Z - [VitePress] 
[VitePress] 配置解析完成
2025-04-06T11:58:11.828Z - [VitePress] [VitePress] 工作目录:
2025-04-06T11:58:14.800Z - [VitePress] 
[VitePress] 配置解析完成
2025-04-06T11:58:14.802Z - [VitePress] [VitePress] 工作目录:
2025-04-06T11:58:16.729Z - [VitePress] [VitePress] 处理文件: F:/project_space/jxdocs/docs/index.md | 文章标题(从pageData): JWisdom的智能体
2025-04-06T11:58:16.802Z - [VitePress] [VitePress] 处理文件: F:/project_space/jxdocs/docs/feishu/docs/项目/vitepress/Hsa4dD76DoUnTjxLU0JcerKXn3g.md | 文章标题(从pageData): markdown拓展
2025-04-06T11:58:18.680Z - [VitePress] 
[VitePress] 配置解析完成
2025-04-06T11:58:18.681Z - [VitePress] [VitePress] 工作目录:
2025-04-06T11:58:23.334Z - [VitePress] [VitePress] 处理文件: F:/project_space/jxdocs/docs/index.md | 文章标题(从pageData): JWisdom的智能体
2025-04-06T12:10:27.766Z - [VitePress] 
[VitePress] 配置解析完成
2025-04-06T12:10:27.769Z - [VitePress] [VitePress] 工作目录:
2025-04-06T12:10:52.930Z - [VitePress] [VitePress] 处理文件: F:/project_space/jxdocs/docs/index.md | 文章标题(从pageData): JWisdom的智能体
2025-04-06T12:11:17.251Z - [VitePress] 
[VitePress] 配置解析完成
2025-04-06T12:11:17.253Z - [VitePress] [VitePress] 工作目录:
2025-04-06T12:11:21.349Z - [VitePress] [VitePress] 处理文件: F:/project_space/jxdocs/docs/index.md | 文章标题(从pageData): JWisdom的智能体
2025-04-06T12:16:09.396Z - [VitePress] 
[VitePress] 配置解析完成
2025-04-06T12:16:09.398Z - [VitePress] [VitePress] 工作目录:
2025-04-06T12:16:16.348Z - [VitePress] [VitePress] 处理文件: F:/project_space/jxdocs/docs/index.md | 文章标题(从pageData): JWisdom的智能体
2025-04-06T12:16:33.963Z - [VitePress] 
[VitePress] 配置解析完成
2025-04-06T12:16:33.965Z - [VitePress] [VitePress] 工作目录:
2025-04-06T12:16:37.398Z - [VitePress] 
[VitePress] 配置解析完成
2025-04-06T12:16:37.400Z - [VitePress] [VitePress] 工作目录:
2025-04-06T12:16:44.352Z - [VitePress] [VitePress] 处理文件: F:/project_space/jxdocs/docs/index.md | 文章标题(从pageData): JWisdom的智能体
2025-04-06T12:16:48.514Z - [VitePress] 
[VitePress] 配置解析完成
2025-04-06T12:16:48.517Z - [VitePress] [VitePress] 工作目录:
2025-04-06T12:16:54.348Z - [VitePress] [VitePress] 处理文件: F:/project_space/jxdocs/docs/index.md | 文章标题(从pageData): JWisdom的智能体
2025-04-06T12:17:53.719Z - [VitePress] 
[VitePress] 配置解析完成
2025-04-06T12:17:53.721Z - [VitePress] [VitePress] 工作目录:
2025-04-06T12:17:56.852Z - [VitePress] 
[VitePress] 配置解析完成
2025-04-06T12:17:56.854Z - [VitePress] [VitePress] 工作目录:
2025-04-06T12:17:59.881Z - [VitePress] 
[VitePress] 配置解析完成
2025-04-06T12:17:59.883Z - [VitePress] [VitePress] 工作目录:
2025-04-06T12:18:04.348Z - [VitePress] [VitePress] 处理文件: F:/project_space/jxdocs/docs/index.md | 文章标题(从pageData): JWisdom的智能体
2025-04-06T12:18:13.707Z - [VitePress] 
[VitePress] 配置解析完成
2025-04-06T12:18:13.709Z - [VitePress] [VitePress] 工作目录:
2025-04-06T12:18:16.348Z - [VitePress] 
[VitePress] 配置解析完成
2025-04-06T12:18:16.349Z - [VitePress] [VitePress] 工作目录:
2025-04-06T12:18:30.473Z - [VitePress] 
[VitePress] 配置解析完成
2025-04-06T12:18:30.475Z - [VitePress] [VitePress] 工作目录:
2025-04-06T12:18:37.240Z - [VitePress] [VitePress] 处理文件: F:/project_space/jxdocs/docs/index.md | 文章标题(从pageData): JWisdom的智能体
2025-04-06T12:21:19.479Z - [VitePress] [VitePress] 处理文件: F:/project_space/jxdocs/docs/feishu/index.md | 文章标题(从pageData): 飞书云文档
2025-04-06T12:21:22.138Z - [VitePress] [VitePress] 处理文件: F:/project_space/jxdocs/docs/feishu/index.md | 文章标题(从pageData): 飞书云文档
2025-04-06T12:21:28.789Z - [VitePress] [VitePress] 处理文件: F:/project_space/jxdocs/docs/feishu/docs/TqlUd2VXoouuvNxjTFJcInAYnsd.md | 文章标题(从pageData): 编程必学
2025-04-06T12:21:42.035Z - [VitePress] [VitePress] 处理文件: F:/project_space/jxdocs/docs/feishu/docs/项目/vitepress/Hsa4dD76DoUnTjxLU0JcerKXn3g.md | 文章标题(从pageData): markdown拓展
2025-04-06T12:35:25.607Z - [VitePress] 
[VitePress] 配置解析完成
2025-04-06T12:35:25.610Z - [VitePress] [VitePress] 工作目录:
2025-04-06T12:35:32.359Z - [VitePress] [VitePress] 处理文件: F:/project_space/jxdocs/docs/feishu/docs/项目/vitepress/Hsa4dD76DoUnTjxLU0JcerKXn3g.md | 文章标题(从pageData): markdown拓展
2025-04-06T12:35:43.983Z - [VitePress] 
[VitePress] 配置解析完成
2025-04-06T12:35:43.985Z - [VitePress] [VitePress] 工作目录:
2025-04-06T12:35:53.647Z - [VitePress] [VitePress] 处理文件: F:/project_space/jxdocs/docs/feishu/docs/项目/vitepress/Hsa4dD76DoUnTjxLU0JcerKXn3g.md | 文章标题(从pageData): markdown拓展
2025-04-06T12:36:08.501Z - [VitePress] [VitePress] 处理文件: F:/project_space/jxdocs/docs/feishu/docs/TqlUd2VXoouuvNxjTFJcInAYnsd.md | 文章标题(从pageData): 编程必学
2025-04-06T12:36:13.966Z - [VitePress] [VitePress] 处理文件: F:/project_space/jxdocs/docs/feishu/docs/项目/vitepress/D9s9d4GFYoMrSWxhRh3cfGkZnPf.md | 文章标题(从pageData): JxDocs
2025-04-06T12:37:09.672Z - [VitePress] [VitePress] 处理文件: F:/project_space/jxdocs/docs/feishupage/index.md | 文章标题(从pageData): 飞书云文档
2025-04-06T12:39:52.386Z - [VitePress] [VitePress] 处理文件: F:/project_space/jxdocs/docs/feishu/index.md | 文章标题(从pageData): 飞书云文档
2025-04-06T12:40:06.723Z - [VitePress] [VitePress] 处理文件: F:/project_space/jxdocs/docs/feishu/docs/P6lId1DC9oiIvXx1SvJc17K2nYc.md | 文章标题(从pageData): 飞书一级文档
2025-04-06T12:40:24.394Z - [VitePress] [VitePress] 处理文件: F:/project_space/jxdocs/docs/categories/issues/index.md | 文章标题(从pageData): Bug万象集
2025-04-06T12:40:26.645Z - [VitePress] [VitePress] 处理文件: F:/project_space/jxdocs/docs/categories/issues/2022/11/23/解决Maven传递依赖污染的问题.md | 文章标题(从pageData): 解决 Maven 传递依赖污染的问题
2025-04-06T12:40:28.180Z - [VitePress] [VitePress] 处理文件: F:/project_space/jxdocs/docs/categories/issues/2022/11/06/解决DotNET安装后报错的问题.md | 文章标题(从pageData): 解决 DotNet 安装完，报错：Couldn't find a valid ICU package installed on the system. Please install libicu using your package manager and try again
2025-04-06T12:45:06.430Z - [VitePress] [VitePress] 处理文件: F:/project_space/jxdocs/docs/index.md | 文章标题(从pageData): JWisdom的智能体
2025-04-06T12:46:37.387Z - [VitePress] [VitePress] 处理文件: F:/project_space/jxdocs/docs/categories/issues/2022/11/04/解决Docker安装Prometheus启动报错的问题.md | 文章标题(从pageData): 解决 Docker 安装 Prometheus 启动报 permission denied 的问题
2025-04-06T12:46:38.402Z - [VitePress] [VitePress] 处理文件: F:/project_space/jxdocs/docs/categories/issues/2022/10/29/Docker设置网络代理.md | 文章标题(从pageData): Docker 设置网络代理
2025-04-06T12:46:45.616Z - [VitePress] [VitePress] 处理文件: F:/project_space/jxdocs/docs/categories/issues/2022/10/25/解决CentOS8执行yum安装报错.md | 文章标题(从pageData): 解决 CentOS 8 执行 yum install 报 Error: Failed to download metadata for repo 'appstream': Cannot prepare internal mirrorlist: No URLs in mirrorlist 的问题
2025-04-06T12:48:06.175Z - [VitePress] [VitePress] 处理文件: F:/project_space/jxdocs/docs/categories/tools/index.md | 文章标题(从pageData): 工具四海谈
2025-04-06T12:48:08.451Z - [VitePress] [VitePress] 处理文件: F:/project_space/jxdocs/docs/categories/tools/2021/03/10/Quartz快速入门.md | 文章标题(从pageData): Quartz 快速入门
2025-04-06T12:48:10.414Z - [VitePress] [VitePress] 处理文件: F:/project_space/jxdocs/docs/categories/tools/2021/03/06/Postman快速入门.md | 文章标题(从pageData): Postman 快速入门
2025-04-06T12:51:06.395Z - [VitePress] [VitePress] 处理文件: F:/project_space/jxdocs/docs/categories/tools/2021/01/14/初识Lombok.md | 文章标题(从pageData): 初识 Lombok
2025-04-06T13:31:10.028Z - [VitePress] [VitePress] 处理文件: F:/project_space/jxdocs/docs/feishupage/index.md | 文章标题(从pageData): 飞书云文档
2025-04-06T13:31:32.633Z - [VitePress] [VitePress] 处理文件: F:/project_space/jxdocs/docs/feishupage/index.md | 文章标题(从pageData): 飞书云文档
2025-04-06T14:04:48.450Z - [VitePress] 
[VitePress] 配置解析完成
2025-04-06T14:04:48.452Z - [VitePress] [VitePress] 工作目录:
2025-04-06T14:04:56.318Z - [VitePress] [VitePress] 处理文件: F:/project_space/jxdocs/docs/feishupage/index.md | 文章标题(从pageData): 飞书云文档
2025-04-06T14:05:04.382Z - [VitePress] [VitePress] 处理文件: F:/project_space/jxdocs/docs/index.md | 文章标题(从pageData): JWisdom的智能体
2025-04-06T14:14:50.395Z - [VitePress] 
[VitePress] 配置解析完成
2025-04-06T14:14:50.397Z - [VitePress] [VitePress] 工作目录:
2025-04-06T14:15:46.411Z - [VitePress] 
[VitePress] 配置解析完成
2025-04-06T14:15:46.414Z - [VitePress] [VitePress] 工作目录:
2025-04-06T14:15:53.687Z - [VitePress] [VitePress] 处理文件: F:/project_space/jxdocs/docs/index.md | 文章标题(从pageData): JWisdom的智能体
2025-04-06T14:16:08.237Z - [VitePress] [VitePress] 处理文件: F:/project_space/jxdocs/docs/feishupage/index.md | 文章标题(从pageData): 飞书云文档
2025-04-07T01:36:20.552Z - [VitePress] 
[VitePress] 配置解析完成
2025-04-07T01:36:20.555Z - [VitePress] [VitePress] 工作目录:
2025-04-07T01:37:42.922Z - [VitePress] [VitePress] 处理文件: F:/project_space/jxdocs/docs/index.md | 文章标题(从pageData): JWisdom的智能体
2025-04-07T01:37:49.243Z - [VitePress] [VitePress] 处理文件: F:/project_space/jxdocs/docs/feishu/index.md | 文章标题(从pageData): 飞书云文档
2025-04-07T01:37:50.948Z - [VitePress] [VitePress] 处理文件: F:/project_space/jxdocs/docs/feishu/index.md | 文章标题(从pageData): 飞书云文档
2025-04-07T01:40:27.605Z - [VitePress] [VitePress] 处理文件: F:/project_space/jxdocs/docs/index.md | 文章标题(从pageData): JWisdom的智能体
2025-04-07T01:47:04.627Z - [VitePress] [VitePress] 处理文件: F:/project_space/jxdocs/docs/feishu/docs/P6lId1DC9oiIvXx1SvJc17K2nYc.md | 文章标题(从pageData): 飞书一级文档
2025-04-07T01:59:20.642Z - [VitePress] 
[VitePress] 配置解析完成
2025-04-07T01:59:20.645Z - [VitePress] [VitePress] 工作目录:
2025-04-07T01:59:24.534Z - [VitePress] [VitePress] 处理文件: F:/project_space/jxdocs/docs/feishu/index.md | 文章标题(从pageData): 飞书云文档
2025-04-07T02:05:35.592Z - [VitePress] 
[VitePress] 配置解析完成
2025-04-07T02:05:35.595Z - [VitePress] [VitePress] 工作目录:
2025-04-07T02:05:41.232Z - [VitePress] [VitePress] 处理文件: F:/project_space/jxdocs/docs/feishu/index.md | 文章标题(从pageData): 飞书云文档
2025-04-07T02:40:59.367Z - [VitePress] 
[VitePress] 配置解析完成
2025-04-07T02:40:59.370Z - [VitePress] [VitePress] 工作目录:
2025-04-07T02:41:04.574Z - [VitePress] [VitePress] 处理文件: F:/project_space/jxdocs/docs/feishu/index.md | 文章标题(从pageData): 飞书云文档
